# JRE version: Java(TM) SE Runtime Environment 18.9 (11.0.7+8) (build 11.0.7+8-LTS)
# Java VM: Java HotSpot(TM) 64-Bit Server VM 18.9 (11.0.7+8-LTS, mixed mode, tiered, compressed oops, g1 gc, windows-amd64)
Heap:
 garbage-first heap   total 96256K, used 6625K [0x00000000a2200000, 0x0000000100000000)
  region size 1024K, 3 young (3072K), 3 survivors (3072K)
 Metaspace       used 21477K, capacity 21951K, committed 22016K, reserved 1081344K
  class space    used 2341K, capacity 2544K, committed 2560K, reserved 1048576K
GC Heap History (8 events):
Event: 1.702 GC heap before
{Heap before GC invocations=0 (full 0):
 garbage-first heap   total 96256K, used 14336K [0x00000000a2200000, 0x0000000100000000)
  region size 1024K, 14 young (14336K), 0 survivors (0K)
 Metaspace       used 12712K, capacity 12968K, committed 13184K, reserved 1060864K
  class space    used 1251K, capacity 1322K, committed 1408K, reserved 1048576K
}
Event: 1.712 GC heap after
{Heap after GC invocations=1 (full 0):
 garbage-first heap   total 96256K, used 3379K [0x00000000a2200000, 0x0000000100000000)
  region size 1024K, 2 young (2048K), 2 survivors (2048K)
 Metaspace       used 12712K, capacity 12968K, committed 13184K, reserved 1060864K
  class space    used 1251K, capacity 1322K, committed 1408K, reserved 1048576K
}
Event: 2.249 GC heap before
{Heap before GC invocations=1 (full 0):
 garbage-first heap   total 96256K, used 14643K [0x00000000a2200000, 0x0000000100000000)
  region size 1024K, 13 young (13312K), 2 survivors (2048K)
 Metaspace       used 16877K, capacity 17160K, committed 17280K, reserved 1064960K
  class space    used 1741K, capacity 1845K, committed 1920K, reserved 1048576K
}
Event: 2.258 GC heap after
{Heap after GC invocations=2 (full 0):
 garbage-first heap   total 96256K, used 5203K [0x00000000a2200000, 0x0000000100000000)
  region size 1024K, 2 young (2048K), 2 survivors (2048K)
 Metaspace       used 16877K, capacity 17160K, committed 17280K, reserved 1064960K
  class space    used 1741K, capacity 1845K, committed 1920K, reserved 1048576K
}
Event: 3.386 GC heap before
{Heap before GC invocations=2 (full 0):
 garbage-first heap   total 96256K, used 17491K [0x00000000a2200000, 0x0000000100000000)
  region size 1024K, 15 young (15360K), 2 survivors (2048K)
 Metaspace       used 20603K, capacity 21088K, committed 21248K, reserved 1069056K
  class space    used 2248K, capacity 2447K, committed 2560K, reserved 1048576K
}
Event: 3.393 GC heap after
{Heap after GC invocations=3 (full 0):
 garbage-first heap   total 96256K, used 6195K [0x00000000a2200000, 0x0000000100000000)
  region size 1024K, 3 young (3072K), 3 survivors (3072K)
 Metaspace       used 20603K, capacity 21088K, committed 21248K, reserved 1069056K
  class space    used 2248K, capacity 2447K, committed 2560K, reserved 1048576K
}
Event: 9.852 GC heap before
{Heap before GC invocations=4 (full 0):
 garbage-first heap   total 96256K, used 8243K [0x00000000a2200000, 0x0000000100000000)
  region size 1024K, 6 young (6144K), 3 survivors (3072K)
 Metaspace       used 21477K, capacity 21951K, committed 22016K, reserved 1079296K
  class space    used 2341K, capacity 2544K, committed 2560K, reserved 1048576K
}
Event: 9.858 GC heap after
{Heap after GC invocations=5 (full 0):
 garbage-first heap   total 96256K, used 6625K [0x00000000a2200000, 0x0000000100000000)
  region size 1024K, 3 young (3072K), 3 survivors (3072K)
 Metaspace       used 21477K, capacity 21951K, committed 22016K, reserved 1079296K
  class space    used 2341K, capacity 2544K, committed 2560K, reserved 1048576K
}

